CPU info:
Architecture:        x86_64
CPU op-mode(s):      32-bit, 64-bit
Byte Order:          Little Endian
CPU(s):              1
On-line CPU(s) list: 0
Thread(s) per core:  1
Core(s) per socket:  1
Socket(s):           1
NUMA node(s):        1
Vendor ID:           GenuineIntel
CPU family:          6
Model:               60
Model name:          Intel(R) Core(TM) i5-4460  CPU @ 3.20GHz
Stepping:            3
CPU MHz:             3192.624
BogoMIPS:            6385.24
Hypervisor vendor:   KVM
Virtualization type: full
L1d cache:           32K
L1i cache:           32K
L2 cache:            256K
L3 cache:            6144K
NUMA node0 CPU(s):   0
Flags:               fpu vme de pse tsc msr pae mce cx8 apic sep mtrr pge mca cmov pat pse36 clflush mmx fxsr sse sse2 ht syscall nx rdtscp lm constant_tsc rep_good nopl xtopology nonstop_tsc cpuid tsc_known_freq pni pclmulqdq monitor ssse3 cx16 pcid sse4_1 sse4_2 x2apic movbe popcnt aes xsave avx rdrand hypervisor lahf_lm abm invpcid_single pti fsgsbase avx2 invpcid


Memory:
              total        used        free      shared  buff/cache   available
Mem:        1873320      300848      302828        6028     1269644     1382076
Swap:       2088956       35516     2053440


Storage:
Filesystem      Size  Used Avail Use% Mounted on
/dev/sdb1        54G  3.6G   51G   7% /var/www/linux
